<?xml version="1.0" encoding="UTF-8"?>
<!-- Generated by org.testng.reporters.JUnitXMLReporter -->
<testsuite ignored="0" hostname="1_2_TASTE" failures="0" tests="2" name="Test" time="13.361" errors="0" timestamp="2024-06-02T21:39:20 IST">
  <testcase classname="taste.TestBase.BaseClass" name="@AfterMethod afterMethod" time="0.007">
    <failure type="java.lang.NullPointerException" message="Cannot invoke &amp;quot;com.aventstack.extentreports.ExtentTest.log(com.aventstack.extentreports.Status, com.aventstack.extentreports.markuputils.Markup)&amp;quot; because &amp;quot;this.logger&amp;quot; is null">
      <![CDATA[java.lang.NullPointerException: Cannot invoke "com.aventstack.extentreports.ExtentTest.log(com.aventstack.extentreports.Status, com.aventstack.extentreports.markuputils.Markup)" because "this.logger" is null
at taste.TestBase.BaseClass.afterMethod(BaseClass.java:62)
at java.base/java.util.ArrayList.forEach(ArrayList.java:1596)
... Removed 30 stack frames]]>
    </failure>
  </testcase> <!-- @AfterMethod afterMethod -->
  <testcase classname="taste.TestBase.BaseClass" name="@BeforeMethod be4method" time="-1.717344559805E9">
    <skipped/>
  </testcase> <!-- @BeforeMethod be4method -->
  <testcase classname="taste.TestBase.BaseClass" name="@AfterMethod afterMethod" time="-1.71734455981E9">
    <skipped/>
  </testcase> <!-- @AfterMethod afterMethod -->
  <testcase classname="taste.Runner.Testcase" name="homepagetest" time="2.67"/>
  <testcase classname="taste.Runner.Testcase" name="loginpage" time="0.0">
    <skipped/>
  </testcase> <!-- loginpage -->
</testsuite> <!-- Test -->
